<?xml version="1.0" encoding="UTF-8"?>
<!-- Generated by org.testng.reporters.JUnitReportReporter -->
<testsuite hostname="LAPTOP-LSJNVJLN" failures="0" tests="1" name="UI.loginUITest" time="12.639" errors="0" timestamp="2025-09-18T14:02:32 IST" skipped="0">
  <testcase classname="UI.loginUITest" name="testLogin" time="12.639"/>
</testsuite> <!-- UI.loginUITest -->
