<?xml version="1.0" encoding="UTF-8"?>
<!-- Generated by org.testng.reporters.JUnitReportReporter -->
<testsuite hostname="LAPTOP-LSJNVJLN" failures="0" tests="2" name="API.signInTest" time="21.821" errors="0" timestamp="2025-09-17T23:35:04 IST" skipped="0">
  <testcase classname="API.signInTest" name="testLoginFailure" time="2.374"/>
  <testcase classname="API.signInTest" name="testLoginSuccess" time="19.447"/>
</testsuite> <!-- API.signInTest -->
