<?xml version="1.0" encoding="UTF-8"?>
<!-- Generated by org.testng.reporters.JUnitReportReporter -->
<testsuite hostname="LAPTOP-LSJNVJLN" failures="0" tests="1" name="API.signUpTest" time="8.756" errors="0" timestamp="2025-09-17T23:35:04 IST" skipped="0">
  <testcase classname="API.signUpTest" name="testSignup" time="8.756"/>
</testsuite> <!-- API.signUpTest -->
